{
  "0 debug pnpm:scope": {
    "selected": 1
  },
  "1 error pnpm": {
    "code": "ELIFECYCLE",
    "errno": "ENOENT",
    "syscall": "spawn",
    "file": "sh",
    "pkgid": "backend@1.0.0",
    "stage": "start",
    "script": "nodemon index.js",
    "pkgname": "backend",
    "err": {
      "name": "pnpm",
      "message": "backend@1.0.0 start: `nodemon index.js`\nspawn ENOENT",
      "code": "ELIFECYCLE",
      "stack": "pnpm: backend@1.0.0 start: `nodemon index.js`\nspawn ENOENT\n    at ChildProcess.<anonymous> (/home/ares/Odessos/bin/.local/share/pnpm/global/5/.pnpm/pnpm@7.1.9/node_modules/pnpm/dist/pnpm.cjs:93535:22)\n    at ChildProcess.emit (node:events:527:28)\n    at maybeClose (node:internal/child_process:1092:16)\n    at Process.ChildProcess._handle.onexit (node:internal/child_process:302:5)"
    }
  },
  "2 warn pnpm:global": " Local package.json exists, but node_modules missing, did you mean to install?"
}